<?xml version="1.0" encoding="UTF-8"?>
<!-- Generated by org.testng.reporters.JUnitReportReporter -->
<testsuite hostname="sumanth" failures="0" tests="7" name="TestNG.innvocationcount" time="0.041" errors="0" timestamp="2022-10-09T15:08:09 IST" skipped="0">
  <testcase classname="TestNG.innvocationcount" name="settings" time="0.003"/>
  <system-out>
    <![CDATA[settings]]>
  </system-out>
  <testcase classname="TestNG.innvocationcount" name="settings" time="0.018"/>
  <system-out>
    <![CDATA[settings]]>
  </system-out>
  <testcase classname="TestNG.innvocationcount" name="calls" time="0.007"/>
  <system-out>
    <![CDATA[call]]>
  </system-out>
  <testcase classname="TestNG.innvocationcount" name="calls" time="0.005"/>
  <system-out>
    <![CDATA[call]]>
  </system-out>
  <testcase classname="TestNG.innvocationcount" name="calls" time="0.003"/>
  <system-out>
    <![CDATA[call]]>
  </system-out>
  <testcase classname="TestNG.innvocationcount" name="calls" time="0.002"/>
  <system-out>
    <![CDATA[call]]>
  </system-out>
  <testcase classname="TestNG.innvocationcount" name="chats" time="0.003"/>
  <system-out>
    <![CDATA[chats]]>
  </system-out>
</testsuite> <!-- TestNG.innvocationcount -->
