<?xml version="1.0" encoding="UTF-8"?>
<!-- Generated by org.testng.reporters.JUnitReportReporter -->
<testsuite hostname="sumanth" failures="0" tests="1" name="TestNG.test0" time="0.017" errors="0" timestamp="2022-10-09T14:44:06 IST" skipped="0">
  <testcase classname="TestNG.test0" name="demo" time="0.017"/>
  <system-out>
    <![CDATA[hello selenium
hello java]]>
  </system-out>
</testsuite> <!-- TestNG.test0 -->
