<?xml version="1.0" encoding="UTF-8"?>
<!-- Generated by org.testng.reporters.JUnitReportReporter -->
<testsuite hostname="sumanth" failures="0" tests="6" name="TestNG.skiptestcases" time="0.033" errors="0" timestamp="2022-10-09T15:09:56 IST" skipped="1">
  <testcase classname="TestNG.skiptestcases" name="calls" time="0.016"/>
  <system-out>
    <![CDATA[call]]>
  </system-out>
  <testcase classname="TestNG.skiptestcases" name="calls" time="0.004"/>
  <system-out>
    <![CDATA[call]]>
  </system-out>
  <testcase classname="TestNG.skiptestcases" name="calls" time="0.002"/>
  <system-out>
    <![CDATA[call]]>
  </system-out>
  <testcase classname="TestNG.skiptestcases" name="calls" time="0.008"/>
  <system-out>
    <![CDATA[call]]>
  </system-out>
  <testcase classname="TestNG.skiptestcases" name="chats" time="0.003"/>
  <system-out>
    <![CDATA[chats]]>
  </system-out>
  <testcase classname="TestNG.skiptestcases" name="settings">
    <skipped/>
  </testcase> <!-- settings -->
  <system-out/>
</testsuite> <!-- TestNG.skiptestcases -->
