<?xml version="1.0" encoding="UTF-8"?>
<!-- Generated by org.testng.reporters.JUnitReportReporter -->
<testsuite hostname="sumanth" failures="0" tests="3" name="TestNG.priority" time="0.031" errors="0" timestamp="2022-10-09T14:53:57 IST" skipped="0">
  <testcase classname="TestNG.priority" name="chats" time="0.022"/>
  <system-out>
    <![CDATA[chats]]>
  </system-out>
  <testcase classname="TestNG.priority" name="calls" time="0.006"/>
  <system-out>
    <![CDATA[call]]>
  </system-out>
  <testcase classname="TestNG.priority" name="settings" time="0.003"/>
  <system-out>
    <![CDATA[settings]]>
  </system-out>
</testsuite> <!-- TestNG.priority -->
