<?xml version="1.0" encoding="UTF-8"?>
<!-- Generated by org.testng.reporters.JUnitReportReporter -->
<testsuite hostname="sumanth" failures="0" tests="3" name="TestNG.privority2" time="0.036" errors="0" timestamp="2022-10-09T14:59:00 IST" skipped="0">
  <testcase classname="TestNG.privority2" name="calls" time="0.025"/>
  <system-out>
    <![CDATA[call]]>
  </system-out>
  <testcase classname="TestNG.privority2" name="chats" time="0.006"/>
  <system-out>
    <![CDATA[chats]]>
  </system-out>
  <testcase classname="TestNG.privority2" name="settings" time="0.005"/>
  <system-out>
    <![CDATA[settings]]>
  </system-out>
</testsuite> <!-- TestNG.privority2 -->
